This is pdfTeX, Version 3.141592653-2.6-1.40.22 (TeX Live 2021) (preloaded format=latex 2022.3.17)  17 MAR 2022 16:52
entering extended mode
 restricted \write18 enabled.
 %&-line parsing enabled.
**media/Tex/ed52bb85e3a60afd.tex
(./media/Tex/ed52bb85e3a60afd.tex
LaTeX2e <2020-10-01> patch level 4
L3 programming layer <2021-02-18>

! LaTeX Error: File `standalone.cls' not found.

Type X to quit or <RETURN> to proceed,
or enter new name. (Default extension: cls)

Enter file name: 
! Emergency stop.
<read *> 
         
l.2 ^^M
        
Here is how much of TeX's memory you used:
 22 strings out of 480446
 522 string characters out of 5892417
 279279 words of memory out of 5000000
 17395 multiletter control sequences out of 15000+600000
 403430 words of font info for 27 fonts, out of 8000000 for 9000
 319 hyphenation exceptions out of 8191
 32i,0n,39p,97b,13s stack positions out of 5000i,500n,10000p,200000b,80000s

No pages of output.
